# JRE version: OpenJDK Runtime Environment Temurin-17.0.10+7 (17.0.10+7) (build 17.0.10+7)
# Java VM: OpenJDK 64-Bit Server VM Temurin-17.0.10+7 (17.0.10+7, mixed mode, tiered, compressed oops, compressed class ptrs, parallel gc, windows-amd64)
GC Precious Log:
 CPUs: 4 total, 4 available
 Memory: 7627M
 Large Page Support: Disabled
 NUMA Support: Disabled
 Compressed Oops: Enabled (32-bit)
 Alignments: Space 512K, Generation 512K, Heap 2M
 Heap Min Capacity: 100M
 Heap Initial Capacity: 100M
 Heap Max Capacity: 1G
 Pre-touch: Disabled
 Parallel Workers: 4
Heap:
 PSYoungGen      total 3072K, used 689K [0x00000000eab00000, 0x00000000eaf80000, 0x0000000100000000)
  eden space 2048K, 0% used [0x00000000eab00000,0x00000000eab00000,0x00000000ead00000)
  from space 1024K, 67% used [0x00000000ead00000,0x00000000eadac610,0x00000000eae00000)
  to   space 1024K, 0% used [0x00000000eae80000,0x00000000eae80000,0x00000000eaf80000)
 ParOldGen       total 180224K, used 180062K [0x00000000c0000000, 0x00000000cb000000, 0x00000000eab00000)
  object space 180224K, 99% used [0x00000000c0000000,0x00000000cafd7910,0x00000000cb000000)
 Metaspace       used 94537K, committed 96000K, reserved 1179648K
  class space    used 9495K, committed 10240K, reserved 1048576K
GC Heap History (20 events):
Event: 2409.959 GC heap after
{Heap after GC invocations=2139 (full 42):
 PSYoungGen      total 3072K, used 240K [0x00000000eab00000, 0x00000000eaf00000, 0x0000000100000000)
  eden space 2560K, 0% used [0x00000000eab00000,0x00000000eab00000,0x00000000ead80000)
  from space 512K, 46% used [0x00000000eae00000,0x00000000eae3c010,0x00000000eae80000)
  to   space 512K, 0% used [0x00000000ead80000,0x00000000ead80000,0x00000000eae00000)
 ParOldGen       total 180224K, used 174123K [0x00000000c0000000, 0x00000000cb000000, 0x00000000eab00000)
  object space 180224K, 96% used [0x00000000c0000000,0x00000000caa0ad20,0x00000000cb000000)
 Metaspace       used 94496K, committed 96000K, reserved 1179648K
  class space    used 9493K, committed 10240K, reserved 1048576K
}
Event: 2409.989 GC heap before
{Heap before GC invocations=2140 (full 42):
 PSYoungGen      total 3072K, used 2800K [0x00000000eab00000, 0x00000000eaf00000, 0x0000000100000000)
  eden space 2560K, 100% used [0x00000000eab00000,0x00000000ead80000,0x00000000ead80000)
  from space 512K, 46% used [0x00000000eae00000,0x00000000eae3c010,0x00000000eae80000)
  to   space 512K, 0% used [0x00000000ead80000,0x00000000ead80000,0x00000000eae00000)
 ParOldGen       total 180224K, used 174123K [0x00000000c0000000, 0x00000000cb000000, 0x00000000eab00000)
  object space 180224K, 96% used [0x00000000c0000000,0x00000000caa0ad20,0x00000000cb000000)
 Metaspace       used 94505K, committed 96000K, reserved 1179648K
  class space    used 9493K, committed 10240K, reserved 1048576K
}
Event: 2409.998 GC heap after
{Heap after GC invocations=2140 (full 42):
 PSYoungGen      total 3072K, used 512K [0x00000000eab00000, 0x00000000eb100000, 0x0000000100000000)
  eden space 2560K, 0% used [0x00000000eab00000,0x00000000eab00000,0x00000000ead80000)
  from space 512K, 100% used [0x00000000ead80000,0x00000000eae00000,0x00000000eae00000)
  to   space 1536K, 0% used [0x00000000eaf80000,0x00000000eaf80000,0x00000000eb100000)
 ParOldGen       total 180224K, used 174660K [0x00000000c0000000, 0x00000000cb000000, 0x00000000eab00000)
  object space 180224K, 96% used [0x00000000c0000000,0x00000000caa91028,0x00000000cb000000)
 Metaspace       used 94505K, committed 96000K, reserved 1179648K
  class space    used 9493K, committed 10240K, reserved 1048576K
}
Event: 2410.021 GC heap before
{Heap before GC invocations=2141 (full 42):
 PSYoungGen      total 3072K, used 3072K [0x00000000eab00000, 0x00000000eb100000, 0x0000000100000000)
  eden space 2560K, 100% used [0x00000000eab00000,0x00000000ead80000,0x00000000ead80000)
  from space 512K, 100% used [0x00000000ead80000,0x00000000eae00000,0x00000000eae00000)
  to   space 1536K, 0% used [0x00000000eaf80000,0x00000000eaf80000,0x00000000eb100000)
 ParOldGen       total 180224K, used 174660K [0x00000000c0000000, 0x00000000cb000000, 0x00000000eab00000)
  object space 180224K, 96% used [0x00000000c0000000,0x00000000caa91028,0x00000000cb000000)
 Metaspace       used 94508K, committed 96000K, reserved 1179648K
  class space    used 9493K, committed 10240K, reserved 1048576K
}
Event: 2410.026 GC heap after
{Heap after GC invocations=2141 (full 42):
 PSYoungGen      total 3584K, used 256K [0x00000000eab00000, 0x00000000eb000000, 0x0000000100000000)
  eden space 3072K, 0% used [0x00000000eab00000,0x00000000eab00000,0x00000000eae00000)
  from space 512K, 50% used [0x00000000eaf80000,0x00000000eafc0000,0x00000000eb000000)
  to   space 1024K, 0% used [0x00000000eae00000,0x00000000eae00000,0x00000000eaf00000)
 ParOldGen       total 180224K, used 175193K [0x00000000c0000000, 0x00000000cb000000, 0x00000000eab00000)
  object space 180224K, 97% used [0x00000000c0000000,0x00000000cab167a8,0x00000000cb000000)
 Metaspace       used 94508K, committed 96000K, reserved 1179648K
  class space    used 9493K, committed 10240K, reserved 1048576K
}
Event: 2410.738 GC heap before
{Heap before GC invocations=2142 (full 42):
 PSYoungGen      total 3584K, used 3328K [0x00000000eab00000, 0x00000000eb000000, 0x0000000100000000)
  eden space 3072K, 100% used [0x00000000eab00000,0x00000000eae00000,0x00000000eae00000)
  from space 512K, 50% used [0x00000000eaf80000,0x00000000eafc0000,0x00000000eb000000)
  to   space 1024K, 0% used [0x00000000eae00000,0x00000000eae00000,0x00000000eaf00000)
 ParOldGen       total 180224K, used 175193K [0x00000000c0000000, 0x00000000cb000000, 0x00000000eab00000)
  object space 180224K, 97% used [0x00000000c0000000,0x00000000cab167a8,0x00000000cb000000)
 Metaspace       used 94510K, committed 96000K, reserved 1179648K
  class space    used 9493K, committed 10240K, reserved 1048576K
}
Event: 2410.742 GC heap after
{Heap after GC invocations=2142 (full 42):
 PSYoungGen      total 4096K, used 256K [0x00000000eab00000, 0x00000000eb000000, 0x0000000100000000)
  eden space 3072K, 0% used [0x00000000eab00000,0x00000000eab00000,0x00000000eae00000)
  from space 1024K, 25% used [0x00000000eae00000,0x00000000eae40020,0x00000000eaf00000)
  to   space 512K, 0% used [0x00000000eaf80000,0x00000000eaf80000,0x00000000eb000000)
 ParOldGen       total 180224K, used 175381K [0x00000000c0000000, 0x00000000cb000000, 0x00000000eab00000)
  object space 180224K, 97% used [0x00000000c0000000,0x00000000cab457c8,0x00000000cb000000)
 Metaspace       used 94510K, committed 96000K, reserved 1179648K
  class space    used 9493K, committed 10240K, reserved 1048576K
}
Event: 2410.756 GC heap before
{Heap before GC invocations=2143 (full 42):
 PSYoungGen      total 4096K, used 3328K [0x00000000eab00000, 0x00000000eb000000, 0x0000000100000000)
  eden space 3072K, 100% used [0x00000000eab00000,0x00000000eae00000,0x00000000eae00000)
  from space 1024K, 25% used [0x00000000eae00000,0x00000000eae40020,0x00000000eaf00000)
  to   space 512K, 0% used [0x00000000eaf80000,0x00000000eaf80000,0x00000000eb000000)
 ParOldGen       total 180224K, used 175381K [0x00000000c0000000, 0x00000000cb000000, 0x00000000eab00000)
  object space 180224K, 97% used [0x00000000c0000000,0x00000000cab457c8,0x00000000cb000000)
 Metaspace       used 94510K, committed 96000K, reserved 1179648K
  class space    used 9493K, committed 10240K, reserved 1048576K
}
Event: 2410.760 GC heap after
{Heap after GC invocations=2143 (full 42):
 PSYoungGen      total 3584K, used 512K [0x00000000eab00000, 0x00000000eb000000, 0x0000000100000000)
  eden space 3072K, 0% used [0x00000000eab00000,0x00000000eab00000,0x00000000eae00000)
  from space 512K, 100% used [0x00000000eaf80000,0x00000000eb000000,0x00000000eb000000)
  to   space 1024K, 0% used [0x00000000eae00000,0x00000000eae00000,0x00000000eaf00000)
 ParOldGen       total 180224K, used 175636K [0x00000000c0000000, 0x00000000cb000000, 0x00000000eab00000)
  object space 180224K, 97% used [0x00000000c0000000,0x00000000cab85138,0x00000000cb000000)
 Metaspace       used 94510K, committed 96000K, reserved 1179648K
  class space    used 9493K, committed 10240K, reserved 1048576K
}
Event: 2410.800 GC heap before
{Heap before GC invocations=2144 (full 42):
 PSYoungGen      total 3584K, used 3584K [0x00000000eab00000, 0x00000000eb000000, 0x0000000100000000)
  eden space 3072K, 100% used [0x00000000eab00000,0x00000000eae00000,0x00000000eae00000)
  from space 512K, 100% used [0x00000000eaf80000,0x00000000eb000000,0x00000000eb000000)
  to   space 1024K, 0% used [0x00000000eae00000,0x00000000eae00000,0x00000000eaf00000)
 ParOldGen       total 180224K, used 175636K [0x00000000c0000000, 0x00000000cb000000, 0x00000000eab00000)
  object space 180224K, 97% used [0x00000000c0000000,0x00000000cab85138,0x00000000cb000000)
 Metaspace       used 94515K, committed 96000K, reserved 1179648K
  class space    used 9493K, committed 10240K, reserved 1048576K
}
Event: 2410.804 GC heap after
{Heap after GC invocations=2144 (full 42):
 PSYoungGen      total 4096K, used 704K [0x00000000eab00000, 0x00000000eb000000, 0x0000000100000000)
  eden space 3072K, 0% used [0x00000000eab00000,0x00000000eab00000,0x00000000eae00000)
  from space 1024K, 68% used [0x00000000eae00000,0x00000000eaeb0000,0x00000000eaf00000)
  to   space 1024K, 0% used [0x00000000eaf00000,0x00000000eaf00000,0x00000000eb000000)
 ParOldGen       total 180224K, used 176108K [0x00000000c0000000, 0x00000000cb000000, 0x00000000eab00000)
  object space 180224K, 97% used [0x00000000c0000000,0x00000000cabfb138,0x00000000cb000000)
 Metaspace       used 94515K, committed 96000K, reserved 1179648K
  class space    used 9493K, committed 10240K, reserved 1048576K
}
Event: 2442.385 GC heap before
{Heap before GC invocations=2145 (full 42):
 PSYoungGen      total 4096K, used 3776K [0x00000000eab00000, 0x00000000eb000000, 0x0000000100000000)
  eden space 3072K, 100% used [0x00000000eab00000,0x00000000eae00000,0x00000000eae00000)
  from space 1024K, 68% used [0x00000000eae00000,0x00000000eaeb0000,0x00000000eaf00000)
  to   space 1024K, 0% used [0x00000000eaf00000,0x00000000eaf00000,0x00000000eb000000)
 ParOldGen       total 180224K, used 176108K [0x00000000c0000000, 0x00000000cb000000, 0x00000000eab00000)
  object space 180224K, 97% used [0x00000000c0000000,0x00000000cabfb138,0x00000000cb000000)
 Metaspace       used 94516K, committed 96000K, reserved 1179648K
  class space    used 9493K, committed 10240K, reserved 1048576K
}
Event: 2442.387 GC heap after
{Heap after GC invocations=2145 (full 42):
 PSYoungGen      total 3584K, used 96K [0x00000000eab00000, 0x00000000eaf80000, 0x0000000100000000)
  eden space 3072K, 0% used [0x00000000eab00000,0x00000000eab00000,0x00000000eae00000)
  from space 512K, 18% used [0x00000000eaf00000,0x00000000eaf18000,0x00000000eaf80000)
  to   space 512K, 0% used [0x00000000eae80000,0x00000000eae80000,0x00000000eaf00000)
 ParOldGen       total 180224K, used 176796K [0x00000000c0000000, 0x00000000cb000000, 0x00000000eab00000)
  object space 180224K, 98% used [0x00000000c0000000,0x00000000caca72c0,0x00000000cb000000)
 Metaspace       used 94516K, committed 96000K, reserved 1179648K
  class space    used 9493K, committed 10240K, reserved 1048576K
}
Event: 2442.502 GC heap before
{Heap before GC invocations=2146 (full 42):
 PSYoungGen      total 3584K, used 3168K [0x00000000eab00000, 0x00000000eaf80000, 0x0000000100000000)
  eden space 3072K, 100% used [0x00000000eab00000,0x00000000eae00000,0x00000000eae00000)
  from space 512K, 18% used [0x00000000eaf00000,0x00000000eaf18000,0x00000000eaf80000)
  to   space 512K, 0% used [0x00000000eae80000,0x00000000eae80000,0x00000000eaf00000)
 ParOldGen       total 180224K, used 176796K [0x00000000c0000000, 0x00000000cb000000, 0x00000000eab00000)
  object space 180224K, 98% used [0x00000000c0000000,0x00000000caca72c0,0x00000000cb000000)
 Metaspace       used 94527K, committed 96000K, reserved 1179648K
  class space    used 9494K, committed 10240K, reserved 1048576K
}
Event: 2442.504 GC heap after
{Heap after GC invocations=2146 (full 42):
 PSYoungGen      total 3584K, used 497K [0x00000000eab00000, 0x00000000eb000000, 0x0000000100000000)
  eden space 3072K, 0% used [0x00000000eab00000,0x00000000eab00000,0x00000000eae00000)
  from space 512K, 97% used [0x00000000eae80000,0x00000000eaefc610,0x00000000eaf00000)
  to   space 1024K, 0% used [0x00000000eaf00000,0x00000000eaf00000,0x00000000eb000000)
 ParOldGen       total 180224K, used 176828K [0x00000000c0000000, 0x00000000cb000000, 0x00000000eab00000)
  object space 180224K, 98% used [0x00000000c0000000,0x00000000cacaf2c0,0x00000000cb000000)
 Metaspace       used 94527K, committed 96000K, reserved 1179648K
  class space    used 9494K, committed 10240K, reserved 1048576K
}
Event: 2442.529 GC heap before
{Heap before GC invocations=2147 (full 42):
 PSYoungGen      total 3584K, used 3569K [0x00000000eab00000, 0x00000000eb000000, 0x0000000100000000)
  eden space 3072K, 100% used [0x00000000eab00000,0x00000000eae00000,0x00000000eae00000)
  from space 512K, 97% used [0x00000000eae80000,0x00000000eaefc610,0x00000000eaf00000)
  to   space 1024K, 0% used [0x00000000eaf00000,0x00000000eaf00000,0x00000000eb000000)
 ParOldGen       total 180224K, used 176828K [0x00000000c0000000, 0x00000000cb000000, 0x00000000eab00000)
  object space 180224K, 98% used [0x00000000c0000000,0x00000000cacaf2c0,0x00000000cb000000)
 Metaspace       used 94527K, committed 96000K, reserved 1179648K
  class space    used 9494K, committed 10240K, reserved 1048576K
}
Event: 2442.532 GC heap after
{Heap after GC invocations=2147 (full 42):
 PSYoungGen      total 3072K, used 1015K [0x00000000eab00000, 0x00000000eb200000, 0x0000000100000000)
  eden space 2048K, 0% used [0x00000000eab00000,0x00000000eab00000,0x00000000ead00000)
  from space 1024K, 99% used [0x00000000eaf00000,0x00000000eaffdea0,0x00000000eb000000)
  to   space 2048K, 0% used [0x00000000ead00000,0x00000000ead00000,0x00000000eaf00000)
 ParOldGen       total 180224K, used 177313K [0x00000000c0000000, 0x00000000cb000000, 0x00000000eab00000)
  object space 180224K, 98% used [0x00000000c0000000,0x00000000cad287c8,0x00000000cb000000)
 Metaspace       used 94527K, committed 96000K, reserved 1179648K
  class space    used 9494K, committed 10240K, reserved 1048576K
}
Event: 2442.612 GC heap before
{Heap before GC invocations=2148 (full 42):
 PSYoungGen      total 3072K, used 3018K [0x00000000eab00000, 0x00000000eb200000, 0x0000000100000000)
  eden space 2048K, 97% used [0x00000000eab00000,0x00000000eacf49b8,0x00000000ead00000)
  from space 1024K, 99% used [0x00000000eaf00000,0x00000000eaffdea0,0x00000000eb000000)
  to   space 2048K, 0% used [0x00000000ead00000,0x00000000ead00000,0x00000000eaf00000)
 ParOldGen       total 180224K, used 179076K [0x00000000c0000000, 0x00000000cb000000, 0x00000000eab00000)
  object space 180224K, 99% used [0x00000000c0000000,0x00000000caee1088,0x00000000cb000000)
 Metaspace       used 94537K, committed 96000K, reserved 1179648K
  class space    used 9495K, committed 10240K, reserved 1048576K
}
Event: 2442.616 GC heap after
{Heap after GC invocations=2148 (full 42):
 PSYoungGen      total 3072K, used 689K [0x00000000eab00000, 0x00000000eaf80000, 0x0000000100000000)
  eden space 2048K, 0% used [0x00000000eab00000,0x00000000eab00000,0x00000000ead00000)
  from space 1024K, 67% used [0x00000000ead00000,0x00000000eadac610,0x00000000eae00000)
  to   space 1024K, 0% used [0x00000000eae80000,0x00000000eae80000,0x00000000eaf80000)
 ParOldGen       total 180224K, used 180062K [0x00000000c0000000, 0x00000000cb000000, 0x00000000eab00000)
  object space 180224K, 99% used [0x00000000c0000000,0x00000000cafd7910,0x00000000cb000000)
 Metaspace       used 94537K, committed 96000K, reserved 1179648K
  class space    used 9495K, committed 10240K, reserved 1048576K
}
Event: 2442.616 GC heap before
{Heap before GC invocations=2149 (full 43):
 PSYoungGen      total 3072K, used 689K [0x00000000eab00000, 0x00000000eaf80000, 0x0000000100000000)
  eden space 2048K, 0% used [0x00000000eab00000,0x00000000eab00000,0x00000000ead00000)
  from space 1024K, 67% used [0x00000000ead00000,0x00000000eadac610,0x00000000eae00000)
  to   space 1024K, 0% used [0x00000000eae80000,0x00000000eae80000,0x00000000eaf80000)
 ParOldGen       total 180224K, used 180062K [0x00000000c0000000, 0x00000000cb000000, 0x00000000eab00000)
  object space 180224K, 99% used [0x00000000c0000000,0x00000000cafd7910,0x00000000cb000000)
 Metaspace       used 94537K, committed 96000K, reserved 1179648K
  class space    used 9495K, committed 10240K, reserved 1048576K
}

